INFO - 2024-11-26 16:59:09 --> Session: Class initialized using 'CodeIgniter\Session\Handlers\FileHandler' driver.
ERROR - 2024-11-26 17:00:19 --> Error connecting to the database: mysqli_sql_exception: Unknown database 'pstmenjawab' in C:\xampp\htdocs\Project rpl\system\Database\MySQLi\Connection.php:186
Stack trace:
#0 C:\xampp\htdocs\Project rpl\system\Database\MySQLi\Connection.php(186): mysqli->real_connect('127.0.0.1', 'root', Object(SensitiveParameterValue), 'pstmenjawab', 3306, '', 0)
#1 C:\xampp\htdocs\Project rpl\system\Database\BaseConnection.php(421): CodeIgniter\Database\MySQLi\Connection->connect(false)
#2 C:\xampp\htdocs\Project rpl\system\Database\BaseConnection.php(616): CodeIgniter\Database\BaseConnection->initialize()
#3 C:\xampp\htdocs\Project rpl\system\Database\BaseBuilder.php(2340): CodeIgniter\Database\BaseConnection->query('INSERT INTO `ko...', Array, false)
#4 C:\xampp\htdocs\Project rpl\system\Model.php(394): CodeIgniter\Database\BaseBuilder->insert()
#5 C:\xampp\htdocs\Project rpl\system\BaseModel.php(840): CodeIgniter\Model->doInsert(Array)
#6 C:\xampp\htdocs\Project rpl\system\Model.php(802): CodeIgniter\BaseModel->insert(Array, true)
#7 C:\xampp\htdocs\Project rpl\app\Controllers\User.php(62): CodeIgniter\Model->insert(Array)
#8 C:\xampp\htdocs\Project rpl\system\CodeIgniter.php(933): App\Controllers\User->submit_reservasi()
#9 C:\xampp\htdocs\Project rpl\system\CodeIgniter.php(509): CodeIgniter\CodeIgniter->runController(Object(App\Controllers\User))
#10 C:\xampp\htdocs\Project rpl\system\CodeIgniter.php(355): CodeIgniter\CodeIgniter->handleRequest(NULL, Object(Config\Cache), false)
#11 C:\xampp\htdocs\Project rpl\system\Boot.php(325): CodeIgniter\CodeIgniter->run()
#12 C:\xampp\htdocs\Project rpl\system\Boot.php(67): CodeIgniter\Boot::runCodeIgniter(Object(CodeIgniter\CodeIgniter))
#13 C:\xampp\htdocs\Project rpl\public\index.php(56): CodeIgniter\Boot::bootWeb(Object(Config\Paths))
#14 C:\xampp\htdocs\Project rpl\system\rewrite.php(44): require_once('C:\\xampp\\htdocs...')
#15 {main}

Next CodeIgniter\Database\Exceptions\DatabaseException: Unknown database 'pstmenjawab' in C:\xampp\htdocs\Project rpl\system\Database\MySQLi\Connection.php:231
Stack trace:
#0 C:\xampp\htdocs\Project rpl\system\Database\BaseConnection.php(421): CodeIgniter\Database\MySQLi\Connection->connect(false)
#1 C:\xampp\htdocs\Project rpl\system\Database\BaseConnection.php(616): CodeIgniter\Database\BaseConnection->initialize()
#2 C:\xampp\htdocs\Project rpl\system\Database\BaseBuilder.php(2340): CodeIgniter\Database\BaseConnection->query('INSERT INTO `ko...', Array, false)
#3 C:\xampp\htdocs\Project rpl\system\Model.php(394): CodeIgniter\Database\BaseBuilder->insert()
#4 C:\xampp\htdocs\Project rpl\system\BaseModel.php(840): CodeIgniter\Model->doInsert(Array)
#5 C:\xampp\htdocs\Project rpl\system\Model.php(802): CodeIgniter\BaseModel->insert(Array, true)
#6 C:\xampp\htdocs\Project rpl\app\Controllers\User.php(62): CodeIgniter\Model->insert(Array)
#7 C:\xampp\htdocs\Project rpl\system\CodeIgniter.php(933): App\Controllers\User->submit_reservasi()
#8 C:\xampp\htdocs\Project rpl\system\CodeIgniter.php(509): CodeIgniter\CodeIgniter->runController(Object(App\Controllers\User))
#9 C:\xampp\htdocs\Project rpl\system\CodeIgniter.php(355): CodeIgniter\CodeIgniter->handleRequest(NULL, Object(Config\Cache), false)
#10 C:\xampp\htdocs\Project rpl\system\Boot.php(325): CodeIgniter\CodeIgniter->run()
#11 C:\xampp\htdocs\Project rpl\system\Boot.php(67): CodeIgniter\Boot::runCodeIgniter(Object(CodeIgniter\CodeIgniter))
#12 C:\xampp\htdocs\Project rpl\public\index.php(56): CodeIgniter\Boot::bootWeb(Object(Config\Paths))
#13 C:\xampp\htdocs\Project rpl\system\rewrite.php(44): require_once('C:\\xampp\\htdocs...')
#14 {main}
CRITICAL - 2024-11-26 17:00:19 --> CodeIgniter\Database\Exceptions\DatabaseException: Unable to connect to the database.
Main connection [MySQLi]: Unknown database 'pstmenjawab'
[Method: POST, Route: konsultasi/reservasi/submit]
in SYSTEMPATH\Database\BaseConnection.php on line 467.
 1 SYSTEMPATH\Database\BaseConnection.php(616): CodeIgniter\Database\BaseConnection->initialize()
 2 SYSTEMPATH\Database\BaseBuilder.php(2340): CodeIgniter\Database\BaseConnection->query('INSERT INTO `konsultasi` (`nama_konsumen`, `email_konsumen`, `no_wa_konsumen`, `topik`, `kategori`, `lingkup`, `deskripsi`, `token_konsultasi`, `status_konsultasi`) VALUES (:nama_konsumen:, :email_konsumen:, :no_wa_konsumen:, :topik:, :kategori:, :lingkup:, :deskripsi:, :token_konsultasi:, :status_konsultasi:)', [...], false)
 3 SYSTEMPATH\Model.php(394): CodeIgniter\Database\BaseBuilder->insert()
 4 SYSTEMPATH\BaseModel.php(840): CodeIgniter\Model->doInsert([...])
 5 SYSTEMPATH\Model.php(802): CodeIgniter\BaseModel->insert([...], true)
 6 APPPATH\Controllers\User.php(62): CodeIgniter\Model->insert([...])
 7 SYSTEMPATH\CodeIgniter.php(933): App\Controllers\User->submit_reservasi()
 8 SYSTEMPATH\CodeIgniter.php(509): CodeIgniter\CodeIgniter->runController(Object(App\Controllers\User))
 9 SYSTEMPATH\CodeIgniter.php(355): CodeIgniter\CodeIgniter->handleRequest(null, Object(Config\Cache), false)
10 SYSTEMPATH\Boot.php(325): CodeIgniter\CodeIgniter->run()
11 SYSTEMPATH\Boot.php(67): CodeIgniter\Boot::runCodeIgniter(Object(CodeIgniter\CodeIgniter))
12 FCPATH\index.php(56): CodeIgniter\Boot::bootWeb(Object(Config\Paths))
13 SYSTEMPATH\rewrite.php(44): require_once('C:\\xampp\\htdocs\\Project rpl\\public\\index.php')
INFO - 2024-11-26 17:07:28 --> Session: Class initialized using 'CodeIgniter\Session\Handlers\FileHandler' driver.
ERROR - 2024-11-26 17:07:40 --> Error connecting to the database: mysqli_sql_exception: Unknown database 'pstmenjawab' in C:\xampp\htdocs\Project rpl\system\Database\MySQLi\Connection.php:186
Stack trace:
#0 C:\xampp\htdocs\Project rpl\system\Database\MySQLi\Connection.php(186): mysqli->real_connect('127.0.0.1', 'root', Object(SensitiveParameterValue), 'pstmenjawab', 3306, '', 0)
#1 C:\xampp\htdocs\Project rpl\system\Database\BaseConnection.php(421): CodeIgniter\Database\MySQLi\Connection->connect(false)
#2 C:\xampp\htdocs\Project rpl\system\Database\BaseConnection.php(616): CodeIgniter\Database\BaseConnection->initialize()
#3 C:\xampp\htdocs\Project rpl\system\Database\BaseBuilder.php(2340): CodeIgniter\Database\BaseConnection->query('INSERT INTO `ko...', Array, false)
#4 C:\xampp\htdocs\Project rpl\system\Model.php(394): CodeIgniter\Database\BaseBuilder->insert()
#5 C:\xampp\htdocs\Project rpl\system\BaseModel.php(840): CodeIgniter\Model->doInsert(Array)
#6 C:\xampp\htdocs\Project rpl\system\Model.php(802): CodeIgniter\BaseModel->insert(Array, true)
#7 C:\xampp\htdocs\Project rpl\app\Controllers\User.php(62): CodeIgniter\Model->insert(Array)
#8 C:\xampp\htdocs\Project rpl\system\CodeIgniter.php(933): App\Controllers\User->submit_reservasi()
#9 C:\xampp\htdocs\Project rpl\system\CodeIgniter.php(509): CodeIgniter\CodeIgniter->runController(Object(App\Controllers\User))
#10 C:\xampp\htdocs\Project rpl\system\CodeIgniter.php(355): CodeIgniter\CodeIgniter->handleRequest(NULL, Object(Config\Cache), false)
#11 C:\xampp\htdocs\Project rpl\system\Boot.php(325): CodeIgniter\CodeIgniter->run()
#12 C:\xampp\htdocs\Project rpl\system\Boot.php(67): CodeIgniter\Boot::runCodeIgniter(Object(CodeIgniter\CodeIgniter))
#13 C:\xampp\htdocs\Project rpl\public\index.php(56): CodeIgniter\Boot::bootWeb(Object(Config\Paths))
#14 C:\xampp\htdocs\Project rpl\system\rewrite.php(44): require_once('C:\\xampp\\htdocs...')
#15 {main}

Next CodeIgniter\Database\Exceptions\DatabaseException: Unknown database 'pstmenjawab' in C:\xampp\htdocs\Project rpl\system\Database\MySQLi\Connection.php:231
Stack trace:
#0 C:\xampp\htdocs\Project rpl\system\Database\BaseConnection.php(421): CodeIgniter\Database\MySQLi\Connection->connect(false)
#1 C:\xampp\htdocs\Project rpl\system\Database\BaseConnection.php(616): CodeIgniter\Database\BaseConnection->initialize()
#2 C:\xampp\htdocs\Project rpl\system\Database\BaseBuilder.php(2340): CodeIgniter\Database\BaseConnection->query('INSERT INTO `ko...', Array, false)
#3 C:\xampp\htdocs\Project rpl\system\Model.php(394): CodeIgniter\Database\BaseBuilder->insert()
#4 C:\xampp\htdocs\Project rpl\system\BaseModel.php(840): CodeIgniter\Model->doInsert(Array)
#5 C:\xampp\htdocs\Project rpl\system\Model.php(802): CodeIgniter\BaseModel->insert(Array, true)
#6 C:\xampp\htdocs\Project rpl\app\Controllers\User.php(62): CodeIgniter\Model->insert(Array)
#7 C:\xampp\htdocs\Project rpl\system\CodeIgniter.php(933): App\Controllers\User->submit_reservasi()
#8 C:\xampp\htdocs\Project rpl\system\CodeIgniter.php(509): CodeIgniter\CodeIgniter->runController(Object(App\Controllers\User))
#9 C:\xampp\htdocs\Project rpl\system\CodeIgniter.php(355): CodeIgniter\CodeIgniter->handleRequest(NULL, Object(Config\Cache), false)
#10 C:\xampp\htdocs\Project rpl\system\Boot.php(325): CodeIgniter\CodeIgniter->run()
#11 C:\xampp\htdocs\Project rpl\system\Boot.php(67): CodeIgniter\Boot::runCodeIgniter(Object(CodeIgniter\CodeIgniter))
#12 C:\xampp\htdocs\Project rpl\public\index.php(56): CodeIgniter\Boot::bootWeb(Object(Config\Paths))
#13 C:\xampp\htdocs\Project rpl\system\rewrite.php(44): require_once('C:\\xampp\\htdocs...')
#14 {main}
CRITICAL - 2024-11-26 17:07:40 --> CodeIgniter\Database\Exceptions\DatabaseException: Unable to connect to the database.
Main connection [MySQLi]: Unknown database 'pstmenjawab'
[Method: POST, Route: konsultasi/reservasi/submit]
in SYSTEMPATH\Database\BaseConnection.php on line 467.
 1 SYSTEMPATH\Database\BaseConnection.php(616): CodeIgniter\Database\BaseConnection->initialize()
 2 SYSTEMPATH\Database\BaseBuilder.php(2340): CodeIgniter\Database\BaseConnection->query('INSERT INTO `konsultasi` (`nama_konsumen`, `email_konsumen`, `no_wa_konsumen`, `topik`, `kategori`, `lingkup`, `deskripsi`, `token_konsultasi`, `status_konsultasi`) VALUES (:nama_konsumen:, :email_konsumen:, :no_wa_konsumen:, :topik:, :kategori:, :lingkup:, :deskripsi:, :token_konsultasi:, :status_konsultasi:)', [...], false)
 3 SYSTEMPATH\Model.php(394): CodeIgniter\Database\BaseBuilder->insert()
 4 SYSTEMPATH\BaseModel.php(840): CodeIgniter\Model->doInsert([...])
 5 SYSTEMPATH\Model.php(802): CodeIgniter\BaseModel->insert([...], true)
 6 APPPATH\Controllers\User.php(62): CodeIgniter\Model->insert([...])
 7 SYSTEMPATH\CodeIgniter.php(933): App\Controllers\User->submit_reservasi()
 8 SYSTEMPATH\CodeIgniter.php(509): CodeIgniter\CodeIgniter->runController(Object(App\Controllers\User))
 9 SYSTEMPATH\CodeIgniter.php(355): CodeIgniter\CodeIgniter->handleRequest(null, Object(Config\Cache), false)
10 SYSTEMPATH\Boot.php(325): CodeIgniter\CodeIgniter->run()
11 SYSTEMPATH\Boot.php(67): CodeIgniter\Boot::runCodeIgniter(Object(CodeIgniter\CodeIgniter))
12 FCPATH\index.php(56): CodeIgniter\Boot::bootWeb(Object(Config\Paths))
13 SYSTEMPATH\rewrite.php(44): require_once('C:\\xampp\\htdocs\\Project rpl\\public\\index.php')
ERROR - 2024-11-26 17:12:07 --> mysqli_sql_exception: Unknown column 'no_wa_konsumen' in 'field list' in C:\xampp\htdocs\Project rpl\system\Database\MySQLi\Connection.php:312
Stack trace:
#0 C:\xampp\htdocs\Project rpl\system\Database\MySQLi\Connection.php(312): mysqli->query('INSERT INTO `ko...', 0)
#1 C:\xampp\htdocs\Project rpl\system\Database\BaseConnection.php(734): CodeIgniter\Database\MySQLi\Connection->execute('INSERT INTO `ko...')
#2 C:\xampp\htdocs\Project rpl\system\Database\BaseConnection.php(648): CodeIgniter\Database\BaseConnection->simpleQuery('INSERT INTO `ko...')
#3 C:\xampp\htdocs\Project rpl\system\Database\BaseBuilder.php(2340): CodeIgniter\Database\BaseConnection->query('INSERT INTO `ko...', Array, false)
#4 C:\xampp\htdocs\Project rpl\system\Model.php(394): CodeIgniter\Database\BaseBuilder->insert()
#5 C:\xampp\htdocs\Project rpl\system\BaseModel.php(840): CodeIgniter\Model->doInsert(Array)
#6 C:\xampp\htdocs\Project rpl\system\Model.php(802): CodeIgniter\BaseModel->insert(Array, true)
#7 C:\xampp\htdocs\Project rpl\app\Controllers\User.php(62): CodeIgniter\Model->insert(Array)
#8 C:\xampp\htdocs\Project rpl\system\CodeIgniter.php(933): App\Controllers\User->submit_reservasi()
#9 C:\xampp\htdocs\Project rpl\system\CodeIgniter.php(509): CodeIgniter\CodeIgniter->runController(Object(App\Controllers\User))
#10 C:\xampp\htdocs\Project rpl\system\CodeIgniter.php(355): CodeIgniter\CodeIgniter->handleRequest(NULL, Object(Config\Cache), false)
#11 C:\xampp\htdocs\Project rpl\system\Boot.php(325): CodeIgniter\CodeIgniter->run()
#12 C:\xampp\htdocs\Project rpl\system\Boot.php(67): CodeIgniter\Boot::runCodeIgniter(Object(CodeIgniter\CodeIgniter))
#13 C:\xampp\htdocs\Project rpl\public\index.php(56): CodeIgniter\Boot::bootWeb(Object(Config\Paths))
#14 C:\xampp\htdocs\Project rpl\system\rewrite.php(44): require_once('C:\\xampp\\htdocs...')
#15 {main}
CRITICAL - 2024-11-26 17:12:07 --> CodeIgniter\Database\Exceptions\DatabaseException: Unknown column 'no_wa_konsumen' in 'field list'
[Method: POST, Route: konsultasi/reservasi/submit]
in SYSTEMPATH\Database\BaseConnection.php on line 688.
 1 SYSTEMPATH\Database\BaseBuilder.php(2340): CodeIgniter\Database\BaseConnection->query('INSERT INTO `konsultasi` (`nama_konsumen`, `email_konsumen`, `no_wa_konsumen`, `topik`, `kategori`, `lingkup`, `deskripsi`, `token_konsultasi`, `status_konsultasi`) VALUES (:nama_konsumen:, :email_konsumen:, :no_wa_konsumen:, :topik:, :kategori:, :lingkup:, :deskripsi:, :token_konsultasi:, :status_konsultasi:)', [...], false)
 2 SYSTEMPATH\Model.php(394): CodeIgniter\Database\BaseBuilder->insert()
 3 SYSTEMPATH\BaseModel.php(840): CodeIgniter\Model->doInsert([...])
 4 SYSTEMPATH\Model.php(802): CodeIgniter\BaseModel->insert([...], true)
 5 APPPATH\Controllers\User.php(62): CodeIgniter\Model->insert([...])
 6 SYSTEMPATH\CodeIgniter.php(933): App\Controllers\User->submit_reservasi()
 7 SYSTEMPATH\CodeIgniter.php(509): CodeIgniter\CodeIgniter->runController(Object(App\Controllers\User))
 8 SYSTEMPATH\CodeIgniter.php(355): CodeIgniter\CodeIgniter->handleRequest(null, Object(Config\Cache), false)
 9 SYSTEMPATH\Boot.php(325): CodeIgniter\CodeIgniter->run()
10 SYSTEMPATH\Boot.php(67): CodeIgniter\Boot::runCodeIgniter(Object(CodeIgniter\CodeIgniter))
11 FCPATH\index.php(56): CodeIgniter\Boot::bootWeb(Object(Config\Paths))
12 SYSTEMPATH\rewrite.php(44): require_once('C:\\xampp\\htdocs\\Project rpl\\public\\index.php')
CRITICAL - 2024-11-26 17:12:07 --> [Caused by] CodeIgniter\Database\Exceptions\DatabaseException: Unknown column 'no_wa_konsumen' in 'field list'
in SYSTEMPATH\Database\MySQLi\Connection.php on line 317.
 1 SYSTEMPATH\Database\BaseConnection.php(734): CodeIgniter\Database\MySQLi\Connection->execute('INSERT INTO `konsultasi` (`nama_konsumen`, `email_konsumen`, `no_wa_konsumen`, `topik`, `kategori`, `lingkup`, `deskripsi`, `token_konsultasi`, `status_konsultasi`) VALUES (\'rifky\', \'rifky@gamil.com\', \'082132123123\', \'gaada\', \'isekai\', \'sanhok\', \'qwqw\', \'PST67460167A7F79\', \'Pending\')')
 2 SYSTEMPATH\Database\BaseConnection.php(648): CodeIgniter\Database\BaseConnection->simpleQuery('INSERT INTO `konsultasi` (`nama_konsumen`, `email_konsumen`, `no_wa_konsumen`, `topik`, `kategori`, `lingkup`, `deskripsi`, `token_konsultasi`, `status_konsultasi`) VALUES (\'rifky\', \'rifky@gamil.com\', \'082132123123\', \'gaada\', \'isekai\', \'sanhok\', \'qwqw\', \'PST67460167A7F79\', \'Pending\')')
 3 SYSTEMPATH\Database\BaseBuilder.php(2340): CodeIgniter\Database\BaseConnection->query('INSERT INTO `konsultasi` (`nama_konsumen`, `email_konsumen`, `no_wa_konsumen`, `topik`, `kategori`, `lingkup`, `deskripsi`, `token_konsultasi`, `status_konsultasi`) VALUES (:nama_konsumen:, :email_konsumen:, :no_wa_konsumen:, :topik:, :kategori:, :lingkup:, :deskripsi:, :token_konsultasi:, :status_konsultasi:)', [...], false)
 4 SYSTEMPATH\Model.php(394): CodeIgniter\Database\BaseBuilder->insert()
 5 SYSTEMPATH\BaseModel.php(840): CodeIgniter\Model->doInsert([...])
 6 SYSTEMPATH\Model.php(802): CodeIgniter\BaseModel->insert([...], true)
 7 APPPATH\Controllers\User.php(62): CodeIgniter\Model->insert([...])
 8 SYSTEMPATH\CodeIgniter.php(933): App\Controllers\User->submit_reservasi()
 9 SYSTEMPATH\CodeIgniter.php(509): CodeIgniter\CodeIgniter->runController(Object(App\Controllers\User))
10 SYSTEMPATH\CodeIgniter.php(355): CodeIgniter\CodeIgniter->handleRequest(null, Object(Config\Cache), false)
11 SYSTEMPATH\Boot.php(325): CodeIgniter\CodeIgniter->run()
12 SYSTEMPATH\Boot.php(67): CodeIgniter\Boot::runCodeIgniter(Object(CodeIgniter\CodeIgniter))
13 FCPATH\index.php(56): CodeIgniter\Boot::bootWeb(Object(Config\Paths))
14 SYSTEMPATH\rewrite.php(44): require_once('C:\\xampp\\htdocs\\Project rpl\\public\\index.php')
CRITICAL - 2024-11-26 17:12:07 --> [Caused by] mysqli_sql_exception: Unknown column 'no_wa_konsumen' in 'field list'
in SYSTEMPATH\Database\MySQLi\Connection.php on line 312.
 1 SYSTEMPATH\Database\MySQLi\Connection.php(312): mysqli->query('INSERT INTO `konsultasi` (`nama_konsumen`, `email_konsumen`, `no_wa_konsumen`, `topik`, `kategori`, `lingkup`, `deskripsi`, `token_konsultasi`, `status_konsultasi`) VALUES (\'rifky\', \'rifky@gamil.com\', \'082132123123\', \'gaada\', \'isekai\', \'sanhok\', \'qwqw\', \'PST67460167A7F79\', \'Pending\')', 0)
 2 SYSTEMPATH\Database\BaseConnection.php(734): CodeIgniter\Database\MySQLi\Connection->execute('INSERT INTO `konsultasi` (`nama_konsumen`, `email_konsumen`, `no_wa_konsumen`, `topik`, `kategori`, `lingkup`, `deskripsi`, `token_konsultasi`, `status_konsultasi`) VALUES (\'rifky\', \'rifky@gamil.com\', \'082132123123\', \'gaada\', \'isekai\', \'sanhok\', \'qwqw\', \'PST67460167A7F79\', \'Pending\')')
 3 SYSTEMPATH\Database\BaseConnection.php(648): CodeIgniter\Database\BaseConnection->simpleQuery('INSERT INTO `konsultasi` (`nama_konsumen`, `email_konsumen`, `no_wa_konsumen`, `topik`, `kategori`, `lingkup`, `deskripsi`, `token_konsultasi`, `status_konsultasi`) VALUES (\'rifky\', \'rifky@gamil.com\', \'082132123123\', \'gaada\', \'isekai\', \'sanhok\', \'qwqw\', \'PST67460167A7F79\', \'Pending\')')
 4 SYSTEMPATH\Database\BaseBuilder.php(2340): CodeIgniter\Database\BaseConnection->query('INSERT INTO `konsultasi` (`nama_konsumen`, `email_konsumen`, `no_wa_konsumen`, `topik`, `kategori`, `lingkup`, `deskripsi`, `token_konsultasi`, `status_konsultasi`) VALUES (:nama_konsumen:, :email_konsumen:, :no_wa_konsumen:, :topik:, :kategori:, :lingkup:, :deskripsi:, :token_konsultasi:, :status_konsultasi:)', [...], false)
 5 SYSTEMPATH\Model.php(394): CodeIgniter\Database\BaseBuilder->insert()
 6 SYSTEMPATH\BaseModel.php(840): CodeIgniter\Model->doInsert([...])
 7 SYSTEMPATH\Model.php(802): CodeIgniter\BaseModel->insert([...], true)
 8 APPPATH\Controllers\User.php(62): CodeIgniter\Model->insert([...])
 9 SYSTEMPATH\CodeIgniter.php(933): App\Controllers\User->submit_reservasi()
10 SYSTEMPATH\CodeIgniter.php(509): CodeIgniter\CodeIgniter->runController(Object(App\Controllers\User))
11 SYSTEMPATH\CodeIgniter.php(355): CodeIgniter\CodeIgniter->handleRequest(null, Object(Config\Cache), false)
12 SYSTEMPATH\Boot.php(325): CodeIgniter\CodeIgniter->run()
13 SYSTEMPATH\Boot.php(67): CodeIgniter\Boot::runCodeIgniter(Object(CodeIgniter\CodeIgniter))
14 FCPATH\index.php(56): CodeIgniter\Boot::bootWeb(Object(Config\Paths))
15 SYSTEMPATH\rewrite.php(44): require_once('C:\\xampp\\htdocs\\Project rpl\\public\\index.php')
INFO - 2024-11-26 17:13:01 --> Session: Class initialized using 'CodeIgniter\Session\Handlers\FileHandler' driver.
INFO - 2024-11-26 17:13:02 --> Session: Class initialized using 'CodeIgniter\Session\Handlers\FileHandler' driver.
INFO - 2024-11-26 17:15:55 --> Session: Class initialized using 'CodeIgniter\Session\Handlers\FileHandler' driver.
INFO - 2024-11-26 17:19:56 --> Session: Class initialized using 'CodeIgniter\Session\Handlers\FileHandler' driver.
CRITICAL - 2024-11-26 18:08:00 --> ErrorException: Undefined array key "konsultasi_id"
[Method: POST, Route: konsultasi/reservasi/feedback/submit]
in APPPATH\Controllers\User.php on line 149.
 1 APPPATH\Controllers\User.php(149): CodeIgniter\Debug\Exceptions->errorHandler(2, 'Undefined array key "konsultasi_id"', 'C:\\xampp\\htdocs\\Project rpl\\app\\Controllers\\User.php', 149)
 2 SYSTEMPATH\CodeIgniter.php(933): App\Controllers\User->submit_feedback()
 3 SYSTEMPATH\CodeIgniter.php(509): CodeIgniter\CodeIgniter->runController(Object(App\Controllers\User))
 4 SYSTEMPATH\CodeIgniter.php(355): CodeIgniter\CodeIgniter->handleRequest(null, Object(Config\Cache), false)
 5 SYSTEMPATH\Boot.php(325): CodeIgniter\CodeIgniter->run()
 6 SYSTEMPATH\Boot.php(67): CodeIgniter\Boot::runCodeIgniter(Object(CodeIgniter\CodeIgniter))
 7 FCPATH\index.php(56): CodeIgniter\Boot::bootWeb(Object(Config\Paths))
 8 SYSTEMPATH\rewrite.php(44): require_once('C:\\xampp\\htdocs\\Project rpl\\public\\index.php')
INFO - 2024-11-26 18:11:26 --> Session: Class initialized using 'CodeIgniter\Session\Handlers\FileHandler' driver.
INFO - 2024-11-26 18:11:26 --> Session: Class initialized using 'CodeIgniter\Session\Handlers\FileHandler' driver.
INFO - 2024-11-26 18:17:53 --> Session: Class initialized using 'CodeIgniter\Session\Handlers\FileHandler' driver.
INFO - 2024-11-26 18:31:58 --> Session: Class initialized using 'CodeIgniter\Session\Handlers\FileHandler' driver.
INFO - 2024-11-26 18:32:42 --> Session: Class initialized using 'CodeIgniter\Session\Handlers\FileHandler' driver.
INFO - 2024-11-26 18:34:24 --> Session: Class initialized using 'CodeIgniter\Session\Handlers\FileHandler' driver.
INFO - 2024-11-26 18:34:41 --> Session: Class initialized using 'CodeIgniter\Session\Handlers\FileHandler' driver.
